<?xml version="1.0" encoding="UTF-8"?>
<!-- Generated by org.testng.reporters.JUnitReportReporter -->
<testsuite hostname="snehas-pc" failures="0" tests="1" name="elements.alert1" time="39.221" errors="0" timestamp="2023-10-30T19:43:05 IST" skipped="0">
  <testcase classname="elements.alert1" name="alerttest" time="39.221"/>
</testsuite> <!-- elements.alert1 -->
