<?xml version="1.0" encoding="UTF-8"?>
<!-- Generated by org.testng.reporters.JUnitReportReporter -->
<testsuite hostname="snehas-pc" failures="0" tests="1" name="elements.MultipleWindows" time="46.786" errors="0" timestamp="2023-10-30T19:28:25 IST" skipped="0">
  <testcase classname="elements.MultipleWindows" name="wndwhndle" time="46.786"/>
</testsuite> <!-- elements.MultipleWindows -->
