<?xml version="1.0" encoding="UTF-8"?>
<!-- Generated by org.testng.reporters.JUnitReportReporter -->
<testsuite hostname="snehas-pc" failures="0" tests="1" name="elements.RegForm" time="13.752" errors="0" timestamp="2023-10-30T18:32:07 IST" skipped="0">
  <testcase classname="elements.RegForm" name="regformtest" time="13.752"/>
</testsuite> <!-- elements.RegForm -->
