<?xml version="1.0" encoding="UTF-8"?>
<!-- Generated by org.testng.reporters.JUnitReportReporter -->
<testsuite hostname="snehas-pc" failures="0" tests="1" name="elements.datepicker" time="47.413" errors="0" timestamp="2023-10-30T21:51:50 IST" skipped="0">
  <testcase classname="elements.datepicker" name="datePicker" time="47.413"/>
</testsuite> <!-- elements.datepicker -->
