<?xml version="1.0" encoding="UTF-8"?>
<!-- Generated by org.testng.reporters.JUnitReportReporter -->
<testsuite hostname="snehas-pc" failures="0" tests="1" name="elements.Droppable" time="32.307" errors="0" timestamp="2023-10-30T22:16:33 IST" skipped="0">
  <testcase classname="elements.Droppable" name="drpble" time="32.307"/>
</testsuite> <!-- elements.Droppable -->
