<?xml version="1.0" encoding="UTF-8"?>
<!-- Generated by org.testng.reporters.JUnitReportReporter -->
<testsuite hostname="snehas-pc" failures="0" tests="1" name="elements.DoubleClick" time="51.210" errors="0" timestamp="2023-10-30T13:45:34 IST" skipped="0">
  <testcase classname="elements.DoubleClick" name="rightClick" time="51.210"/>
</testsuite> <!-- elements.DoubleClick -->
