<?xml version="1.0" encoding="UTF-8"?>
<!-- Generated by org.testng.reporters.JUnitReportReporter -->
<testsuite hostname="snehas-pc" failures="0" tests="1" name="elements.OpenNewTab" time="34.355" errors="0" timestamp="2023-10-30T15:33:27 IST" skipped="0">
  <testcase classname="elements.OpenNewTab" name="newTab" time="34.355"/>
</testsuite> <!-- elements.OpenNewTab -->
